<?xml version="1.0" encoding="UTF-8"?>
<!-- Generated by org.testng.reporters.JUnitReportReporter -->
<testsuite hostname="PerryG.local" failures="0" tests="2" name="com.crm.qa.testcases.HomePageTest" time="30.809" errors="0" timestamp="30 Jul 2019 09:36:44 GMT">
  <testcase classname="com.crm.qa.testcases.HomePageTest" name="VerifyContactLink" time="19.128"/>
  <testcase classname="com.crm.qa.testcases.HomePageTest" name="VerifyUsernameTest" time="11.681"/>
</testsuite> <!-- com.crm.qa.testcases.HomePageTest -->
