<?xml version="1.0" encoding="UTF-8"?>
<!-- Generated by org.testng.reporters.JUnitReportReporter -->
<testsuite hostname="PerryG.local" failures="0" tests="2" name="com.crm.qa.testcases.ContactPageTest" time="32.448" errors="0" timestamp="02 Aug 2019 11:05:06 GMT" skipped="0">
  <testcase classname="com.crm.qa.testcases.ContactPageTest" name="validateCreateNewContact" time="14.894"/>
  <testcase classname="com.crm.qa.testcases.ContactPageTest" name="validateCreateNewContact" time="17.554"/>
</testsuite> <!-- com.crm.qa.testcases.ContactPageTest -->
