<?xml version="1.0" encoding="UTF-8"?>
<!-- Generated by org.testng.reporters.JUnitReportReporter -->
<testsuite hostname="PerryG.local" failures="0" tests="1" name="com.crm.qa.testcases.ContactPageTest" time="14.883" errors="0" timestamp="30 Jul 2019 14:24:59 GMT">
  <testcase classname="com.crm.qa.testcases.ContactPageTest" name="VerifyUsernameTest" time="14.883"/>
</testsuite> <!-- com.crm.qa.testcases.ContactPageTest -->
