<?xml version="1.0" encoding="UTF-8"?>
<!-- Generated by org.testng.reporters.JUnitReportReporter -->
<testsuite hostname="PerryG.local" failures="0" tests="2" name="com.crm.qa.testcases.ContactPageTest" time="35.830" errors="0" timestamp="31 Jul 2019 12:46:23 GMT">
  <testcase classname="com.crm.qa.testcases.ContactPageTest" name="validateCreateNewContact" time="15.767"/>
  <testcase classname="com.crm.qa.testcases.ContactPageTest" name="validateCreateNewContact" time="20.063"/>
</testsuite> <!-- com.crm.qa.testcases.ContactPageTest -->
