<?xml version="1.0" encoding="UTF-8"?>
<!-- Generated by org.testng.reporters.JUnitReportReporter -->
<testsuite hostname="PerryG.local" failures="0" tests="1" name="Test.BaseTest" time="10.896" errors="0" timestamp="22 Jul 2019 09:44:51 GMT" skipped="0">
  <testcase classname="Test.BaseTest" name="launchbrowser" time="10.896"/>
</testsuite> <!-- Test.BaseTest -->
