<?xml version="1.0" encoding="UTF-8"?>
<!-- Generated by org.testng.reporters.JUnitReportReporter -->
<testsuite hostname="PerryG.local" failures="0" tests="2" name="com.crm.qa.testcases.HomePageTest" time="24.864" errors="0" timestamp="02 Aug 2019 11:05:06 GMT" skipped="0">
  <testcase classname="com.crm.qa.testcases.HomePageTest" name="VerifyUsernameTest" time="11.670"/>
  <testcase classname="com.crm.qa.testcases.HomePageTest" name="VerifyContactLink" time="13.194"/>
</testsuite> <!-- com.crm.qa.testcases.HomePageTest -->
