<?xml version="1.0" encoding="UTF-8"?>
<!-- Generated by org.testng.reporters.JUnitReportReporter -->
<testsuite hostname="PerryG.local" failures="0" tests="2" name="com.crm.qa.testcases.LoginPageTest" time="20.547" errors="0" timestamp="02 Aug 2019 11:05:06 GMT" skipped="0">
  <testcase classname="com.crm.qa.testcases.LoginPageTest" name="LoginTest" time="13.965"/>
  <testcase classname="com.crm.qa.testcases.LoginPageTest" name="LoginPagetileTest" time="6.582"/>
</testsuite> <!-- com.crm.qa.testcases.LoginPageTest -->
