<?xml version="1.0" encoding="UTF-8"?>
<!-- Generated by org.testng.reporters.JUnitReportReporter -->
<testsuite hostname="PerryG.local" failures="0" tests="1" name="com.crm.qa.testcases.ContactPageTest" time="17.065" errors="0" timestamp="30 Jul 2019 11:02:54 GMT">
  <testcase classname="com.crm.qa.testcases.ContactPageTest" name="TestCreateNewContact" time="17.065"/>
</testsuite> <!-- com.crm.qa.testcases.ContactPageTest -->
