<?xml version="1.0" encoding="UTF-8"?>
<!-- Generated by org.testng.reporters.JUnitReportReporter -->
<testsuite hostname="PerryG.local" failures="0" tests="1" name="com.crm.qa.testcases.HomePageTest" time="17.881" errors="0" timestamp="30 Jul 2019 09:00:47 GMT">
  <testcase classname="com.crm.qa.testcases.HomePageTest" name="VerifyUsernameTest" time="17.881"/>
</testsuite> <!-- com.crm.qa.testcases.HomePageTest -->
